<?xml version="1.0" encoding="UTF-8"?>
<coverage generated="1719239958789" clover="3.2.0">
  <project timestamp="1719239958789" name="All files">
    <metrics statements="9" coveredstatements="7" conditionals="1" coveredconditionals="0" methods="5" coveredmethods="5" elements="15" coveredelements="12" complexity="0" loc="9" ncloc="9" packages="1" files="1" classes="1"/>
    <file name="user.use-case.ts" path="C:\Users\MEC-SIRROS\Desktop\Lucas\Cursos\node-express-jest-typeorm\src\use-cases\user.use-case.ts">
      <metrics statements="9" coveredstatements="7" conditionals="1" coveredconditionals="0" methods="5" coveredmethods="5"/>
      <line num="4" count="1" type="stmt"/>
      <line num="5" count="4" type="stmt"/>
      <line num="8" count="1" type="stmt"/>
      <line num="11" count="1" type="stmt"/>
      <line num="14" count="1" type="cond" truecount="0" falsecount="1"/>
      <line num="15" count="0" type="stmt"/>
      <line num="16" count="0" type="stmt"/>
      <line num="18" count="1" type="stmt"/>
      <line num="21" count="1" type="stmt"/>
    </file>
  </project>
</coverage>
